<?xml version="1.0" encoding="UTF-8"?>
<!-- Generated by org.testng.reporters.JUnitXMLReporter -->
<testsuite hostname="jagadeesh-HP-EliteBook-840-G2" ignored="1" name="Default test" tests="3" failures="0" timestamp="22 Sep 2019 13:33:02 GMT" time="9.077" errors="0">
  <testcase name="get_all_employees" time="2.285" classname="tests.Fynd_Employees_APIs"/>
  <testcase name="create_employee" time="5.659" classname="tests.Fynd_Employees_APIs"/>
  <testcase name="update_employee" time="0.002" classname="tests.Fynd_Employees_APIs"/>
  <testcase name="get_employee" time="0.0" classname="tests.Fynd_Employees_APIs">
    <ignored/>
  </testcase> <!-- get_employee -->
</testsuite> <!-- Default test -->
