<?xml version="1.0" encoding="UTF-8"?>
<!-- Generated by org.testng.reporters.JUnitXMLReporter -->
<testsuite hostname="jagadeesh-HP-EliteBook-840-G2" ignored="1" name="Default test" tests="4" failures="0" timestamp="24 Sep 2019 01:47:01 GMT" time="19.822" errors="0">
  <testcase name="get_all_employees" time="2.652" classname="tests.Fynd_Employees_APIs"/>
  <testcase name="get_employee" time="6.279" classname="tests.Fynd_Employees_APIs"/>
  <testcase name="create_employee" time="4.653" classname="tests.Fynd_Employees_APIs"/>
  <testcase name="update_employee" time="4.622" classname="tests.Fynd_Employees_APIs"/>
  <testcase name="delete_employee" time="0.0" classname="tests.Fynd_Employees_APIs">
    <ignored/>
  </testcase> <!-- delete_employee -->
</testsuite> <!-- Default test -->
