<?xml version="1.0" encoding="UTF-8"?>
<testng-results skipped="0" failed="0" ignored="1" total="4" passed="3">
  <reporter-output>
  </reporter-output>
  <suite name="Default suite" duration-ms="9077" started-at="2019-09-22T13:32:53Z" finished-at="2019-09-22T13:33:02Z">
    <groups>
    </groups>
    <test name="Default test" duration-ms="9077" started-at="2019-09-22T13:32:53Z" finished-at="2019-09-22T13:33:02Z">
      <class name="tests.Fynd_Employees_APIs">
        <test-method status="PASS" signature="setUp()[pri:0, instance:tests.Fynd_Employees_APIs@7e0b0338]" name="setUp" is-config="true" duration-ms="451" started-at="2019-09-22T13:32:53Z" finished-at="2019-09-22T13:32:53Z">
          <reporter-output>
          </reporter-output>
        </test-method> <!-- setUp -->
        <test-method status="PASS" signature="get_all_employees()[pri:1, instance:tests.Fynd_Employees_APIs@7e0b0338]" name="get_all_employees" duration-ms="2285" started-at="2019-09-22T13:32:53Z" finished-at="2019-09-22T13:32:56Z">
          <reporter-output>
          </reporter-output>
        </test-method> <!-- get_all_employees -->
        <test-method status="PASS" signature="getResult(org.testng.ITestResult)[pri:0, instance:tests.Fynd_Employees_APIs@7e0b0338]" name="getResult" is-config="true" duration-ms="526" started-at="2019-09-22T13:32:56Z" finished-at="2019-09-22T13:32:56Z">
          <params>
            <param index="0">
              <value>
                <![CDATA[[TestResult name=get_all_employees status=SUCCESS method=Fynd_Employees_APIs.get_all_employees()[pri:1, instance:tests.Fynd_Employees_APIs@7e0b0338] output={null}]]]>
              </value>
            </param>
          </params>
          <reporter-output>
          </reporter-output>
        </test-method> <!-- getResult -->
        <test-method status="PASS" signature="create_employee()[pri:2, instance:tests.Fynd_Employees_APIs@7e0b0338]" name="create_employee" duration-ms="5659" started-at="2019-09-22T13:32:56Z" finished-at="2019-09-22T13:33:02Z">
          <reporter-output>
          </reporter-output>
        </test-method> <!-- create_employee -->
        <test-method status="PASS" signature="getResult(org.testng.ITestResult)[pri:0, instance:tests.Fynd_Employees_APIs@7e0b0338]" name="getResult" is-config="true" duration-ms="73" started-at="2019-09-22T13:33:02Z" finished-at="2019-09-22T13:33:02Z">
          <params>
            <param index="0">
              <value>
                <![CDATA[[TestResult name=create_employee status=SUCCESS method=Fynd_Employees_APIs.create_employee()[pri:2, instance:tests.Fynd_Employees_APIs@7e0b0338] output={null}]]]>
              </value>
            </param>
          </params>
          <reporter-output>
          </reporter-output>
        </test-method> <!-- getResult -->
        <test-method status="PASS" signature="update_employee()[pri:2, instance:tests.Fynd_Employees_APIs@7e0b0338]" name="update_employee" duration-ms="2" started-at="2019-09-22T13:33:02Z" finished-at="2019-09-22T13:33:02Z">
          <reporter-output>
          </reporter-output>
        </test-method> <!-- update_employee -->
        <test-method status="PASS" signature="getResult(org.testng.ITestResult)[pri:0, instance:tests.Fynd_Employees_APIs@7e0b0338]" name="getResult" is-config="true" duration-ms="55" started-at="2019-09-22T13:33:02Z" finished-at="2019-09-22T13:33:02Z">
          <params>
            <param index="0">
              <value>
                <![CDATA[[TestResult name=update_employee status=SUCCESS method=Fynd_Employees_APIs.update_employee()[pri:2, instance:tests.Fynd_Employees_APIs@7e0b0338] output={null}]]]>
              </value>
            </param>
          </params>
          <reporter-output>
          </reporter-output>
        </test-method> <!-- getResult -->
        <test-method status="PASS" signature="tearDown()[pri:0, instance:tests.Fynd_Employees_APIs@7e0b0338]" name="tearDown" is-config="true" duration-ms="1" started-at="2019-09-22T13:33:02Z" finished-at="2019-09-22T13:33:02Z">
          <reporter-output>
          </reporter-output>
        </test-method> <!-- tearDown -->
      </class> <!-- tests.Fynd_Employees_APIs -->
    </test> <!-- Default test -->
  </suite> <!-- Default suite -->
</testng-results>
